#-----------------------------------------------------------
# Vivado v2018.1 (64-bit)
# SW Build 2188600 on Wed Apr  4 18:40:38 MDT 2018
# IP Build 2185939 on Wed Apr  4 20:55:05 MDT 2018
# Start of session at: Sun Mar 24 18:23:51 2019
# Process ID: 13648
# Current directory: E:/ECE532/WorkSpace/IPU_proj/main/IPU_v2.0
# Command line: vivado.exe -gui_launcher_event rodinguilauncherevent9416 E:\ECE532\WorkSpace\IPU_proj\main\IPU_v2.0\IPU_v2.0.xpr
# Log file: E:/ECE532/WorkSpace/IPU_proj/main/IPU_v2.0/vivado.log
# Journal file: E:/ECE532/WorkSpace/IPU_proj/main/IPU_v2.0\vivado.jou
#-----------------------------------------------------------
start_gui
open_project E:/ECE532/WorkSpace/IPU_proj/main/IPU_v2.0/IPU_v2.0.xpr
Scanning sources...
Finished scanning sources
INFO: [IP_Flow 19-234] Refreshing IP repositories
INFO: [IP_Flow 19-1700] Loaded user IP repository 'e:/ECE532/WorkSpace/IPU_proj/Packaged/0324-1715'.
INFO: [IP_Flow 19-1700] Loaded user IP repository 'e:/ECE532/WorkSpace/IPU_proj/Packaged/0324-0500'.
INFO: [IP_Flow 19-1700] Loaded user IP repository 'e:/ECE532/WorkSpace/IPU_proj/Packaged/0324-0300'.
INFO: [IP_Flow 19-1700] Loaded user IP repository 'e:/ECE532/WorkSpace/IPU_proj/Packaged/0323-2000'.
INFO: [IP_Flow 19-1700] Loaded user IP repository 'e:/ECE532/WorkSpace/IPU_proj/Packaged/0322-1900'.
INFO: [IP_Flow 19-2313] Loaded Vivado IP repository 'C:/Xilinx/Vivado/2018.1/data/ip'.
open_project: Time (s): cpu = 00:00:12 ; elapsed = 00:00:06 . Memory (MB): peak = 957.746 ; gain = 204.535
update_compile_order -fileset sources_1
reset_run synth_1
launch_runs synth_1 -jobs 4
[Sun Mar 24 18:24:18 2019] Launched synth_1...
Run output will be captured here: E:/ECE532/WorkSpace/IPU_proj/main/IPU_v2.0/IPU_v2.0.runs/synth_1/runme.log
ipx::open_ipxact_file E:/ECE532/WorkSpace/IPU_proj/Packaged/0324-1715/component.xml
WARNING: [IP_Flow 19-5226] Project source file 'e:/ECE532/WorkSpace/IPU_proj/Packaged/0324-1715/component.xml' ignored by IP packager.
WARNING: [IP_Flow 19-4308] Project file 'e:/ECE532/WorkSpace/IPU_proj/main/IPU_v2.0/IPU_v2.0.srcs/sources_1/new/axi_m_mem.v' is not found in the component files. It will be added automatically when merging sources and repackaging. Please remove the file from the source project if this is not desired.
WARNING: [IP_Flow 19-4308] Project file 'e:/ECE532/WorkSpace/IPU_proj/main/IPU_v2.0/IPU_v2.0.srcs/sources_1/new/rgb444_diff.v' is not found in the component files. It will be added automatically when merging sources and repackaging. Please remove the file from the source project if this is not desired.
WARNING: [IP_Flow 19-4308] Project file 'e:/ECE532/WorkSpace/IPU_proj/main/IPU_v2.0/IPU_v2.0.srcs/sources_1/new/IPU_top.v' is not found in the component files. It will be added automatically when merging sources and repackaging. Please remove the file from the source project if this is not desired.
WARNING: [IP_Flow 19-4308] Project file 'e:/ECE532/WorkSpace/IPU_proj/main/IPU_v2.0/IPU_v2.0.srcs/sources_1/new/axi_m_mem.v' is not found in the component files. It will be added automatically when merging sources and repackaging. Please remove the file from the source project if this is not desired.
WARNING: [IP_Flow 19-4308] Project file 'e:/ECE532/WorkSpace/IPU_proj/main/IPU_v2.0/IPU_v2.0.srcs/sources_1/new/rgb444_diff.v' is not found in the component files. It will be added automatically when merging sources and repackaging. Please remove the file from the source project if this is not desired.
WARNING: [IP_Flow 19-4308] Project file 'e:/ECE532/WorkSpace/IPU_proj/main/IPU_v2.0/IPU_v2.0.srcs/sources_1/new/IPU_top.v' is not found in the component files. It will be added automatically when merging sources and repackaging. Please remove the file from the source project if this is not desired.
set_property core_revision 2 [ipx::current_core]
ipx::create_xgui_files [ipx::current_core]
ipx::update_checksums [ipx::current_core]
ipx::save_core [ipx::current_core]
ipx::unload_core e:/ECE532/WorkSpace/IPU_proj/Packaged/0324-1715/component.xml
reset_run synth_1
launch_runs synth_1 -jobs 4
[Sun Mar 24 22:23:11 2019] Launched synth_1...
Run output will be captured here: E:/ECE532/WorkSpace/IPU_proj/main/IPU_v2.0/IPU_v2.0.runs/synth_1/runme.log
ipx::open_ipxact_file E:/ECE532/WorkSpace/IPU_proj/Packaged/0324-1715/component.xml
WARNING: [IP_Flow 19-5226] Project source file 'e:/ECE532/WorkSpace/IPU_proj/Packaged/0324-1715/component.xml' ignored by IP packager.
WARNING: [IP_Flow 19-4308] Project file 'e:/ECE532/WorkSpace/IPU_proj/main/IPU_v2.0/IPU_v2.0.srcs/sources_1/new/axi_m_mem.v' is not found in the component files. It will be added automatically when merging sources and repackaging. Please remove the file from the source project if this is not desired.
WARNING: [IP_Flow 19-4308] Project file 'e:/ECE532/WorkSpace/IPU_proj/main/IPU_v2.0/IPU_v2.0.srcs/sources_1/new/rgb444_diff.v' is not found in the component files. It will be added automatically when merging sources and repackaging. Please remove the file from the source project if this is not desired.
WARNING: [IP_Flow 19-4308] Project file 'e:/ECE532/WorkSpace/IPU_proj/main/IPU_v2.0/IPU_v2.0.srcs/sources_1/new/IPU_top.v' is not found in the component files. It will be added automatically when merging sources and repackaging. Please remove the file from the source project if this is not desired.
WARNING: [IP_Flow 19-4308] Project file 'e:/ECE532/WorkSpace/IPU_proj/main/IPU_v2.0/IPU_v2.0.srcs/sources_1/new/axi_m_mem.v' is not found in the component files. It will be added automatically when merging sources and repackaging. Please remove the file from the source project if this is not desired.
WARNING: [IP_Flow 19-4308] Project file 'e:/ECE532/WorkSpace/IPU_proj/main/IPU_v2.0/IPU_v2.0.srcs/sources_1/new/rgb444_diff.v' is not found in the component files. It will be added automatically when merging sources and repackaging. Please remove the file from the source project if this is not desired.
WARNING: [IP_Flow 19-4308] Project file 'e:/ECE532/WorkSpace/IPU_proj/main/IPU_v2.0/IPU_v2.0.srcs/sources_1/new/IPU_top.v' is not found in the component files. It will be added automatically when merging sources and repackaging. Please remove the file from the source project if this is not desired.
set_property core_revision 3 [ipx::current_core]
ipx::create_xgui_files [ipx::current_core]
ipx::update_checksums [ipx::current_core]
ipx::save_core [ipx::current_core]
update_compile_order -fileset sources_1
update_compile_order -fileset sources_1
update_compile_order -fileset sources_1
reset_run synth_1
launch_runs synth_1 -jobs 4
[Sun Mar 24 23:09:25 2019] Launched synth_1...
Run output will be captured here: E:/ECE532/WorkSpace/IPU_proj/main/IPU_v2.0/IPU_v2.0.runs/synth_1/runme.log
ipx::merge_project_changes files [ipx::current_core]
WARNING: [IP_Flow 19-5226] Project source file 'e:/ECE532/WorkSpace/IPU_proj/Packaged/0324-1715/component.xml' ignored by IP packager.
ipx::merge_project_changes hdl_parameters [ipx::current_core]
WARNING: [IP_Flow 19-5226] Project source file 'e:/ECE532/WorkSpace/IPU_proj/Packaged/0324-1715/component.xml' ignored by IP packager.
INFO: [IP_Flow 19-3164] Bus Interface 'M00_AXI': References existing address space 'M00_AXI'.
INFO: [IP_Flow 19-3166] Bus Interface 'S00_AXI': References existing memory map 'S00_AXI'.
set_property core_revision 4 [ipx::current_core]
ipx::create_xgui_files [ipx::current_core]
ipx::update_checksums [ipx::current_core]
ipx::save_core [ipx::current_core]
reset_run synth_1
launch_runs synth_1 -jobs 4
[Sun Mar 24 23:36:22 2019] Launched synth_1...
Run output will be captured here: E:/ECE532/WorkSpace/IPU_proj/main/IPU_v2.0/IPU_v2.0.runs/synth_1/runme.log
ipx::merge_project_changes files [ipx::current_core]
WARNING: [IP_Flow 19-5226] Project source file 'e:/ECE532/WorkSpace/IPU_proj/Packaged/0324-1715/component.xml' ignored by IP packager.
set_property core_revision 5 [ipx::current_core]
ipx::create_xgui_files [ipx::current_core]
ipx::update_checksums [ipx::current_core]
ipx::save_core [ipx::current_core]
exit
INFO: [Common 17-206] Exiting Vivado at Sun Mar 24 23:45:36 2019...
