#-----------------------------------------------------------
# Vivado v2018.1 (64-bit)
# SW Build 2188600 on Wed Apr  4 18:40:38 MDT 2018
# IP Build 2185939 on Wed Apr  4 20:55:05 MDT 2018
# Start of session at: Mon Mar 25 00:13:08 2019
# Process ID: 19852
# Current directory: E:/ECE532/WorkSpace/IPU_proj/main/IPU_v2.0
# Command line: vivado.exe -gui_launcher_event rodinguilauncherevent18288 E:\ECE532\WorkSpace\IPU_proj\main\IPU_v2.0\IPU_v2.0.xpr
# Log file: E:/ECE532/WorkSpace/IPU_proj/main/IPU_v2.0/vivado.log
# Journal file: E:/ECE532/WorkSpace/IPU_proj/main/IPU_v2.0\vivado.jou
#-----------------------------------------------------------
start_gui
open_project E:/ECE532/WorkSpace/IPU_proj/main/IPU_v2.0/IPU_v2.0.xpr
Scanning sources...
Finished scanning sources
INFO: [IP_Flow 19-234] Refreshing IP repositories
INFO: [IP_Flow 19-1700] Loaded user IP repository 'e:/ECE532/WorkSpace/IPU_proj/Packaged/0324-1715'.
INFO: [IP_Flow 19-1700] Loaded user IP repository 'e:/ECE532/WorkSpace/IPU_proj/Packaged/0324-0500'.
INFO: [IP_Flow 19-1700] Loaded user IP repository 'e:/ECE532/WorkSpace/IPU_proj/Packaged/0324-0300'.
INFO: [IP_Flow 19-1700] Loaded user IP repository 'e:/ECE532/WorkSpace/IPU_proj/Packaged/0323-2000'.
INFO: [IP_Flow 19-1700] Loaded user IP repository 'e:/ECE532/WorkSpace/IPU_proj/Packaged/0322-1900'.
INFO: [IP_Flow 19-2313] Loaded Vivado IP repository 'C:/Xilinx/Vivado/2018.1/data/ip'.
open_project: Time (s): cpu = 00:00:11 ; elapsed = 00:00:06 . Memory (MB): peak = 893.309 ; gain = 126.484
update_compile_order -fileset sources_1
reset_run blk_mem_gen_0_synth_1
reset_run synth_1
launch_runs synth_1 -jobs 4
INFO: [IP_Flow 19-1686] Generating 'Synthesis' target for IP 'blk_mem_gen_0'...
[Mon Mar 25 00:14:32 2019] Launched blk_mem_gen_0_synth_1...
Run output will be captured here: E:/ECE532/WorkSpace/IPU_proj/main/IPU_v2.0/IPU_v2.0.runs/blk_mem_gen_0_synth_1/runme.log
[Mon Mar 25 00:14:32 2019] Launched synth_1...
Run output will be captured here: E:/ECE532/WorkSpace/IPU_proj/main/IPU_v2.0/IPU_v2.0.runs/synth_1/runme.log
ipx::open_ipxact_file E:/ECE532/WorkSpace/IPU_proj/Packaged/0324-1715/component.xml
WARNING: [IP_Flow 19-5226] Project source file 'e:/ECE532/WorkSpace/IPU_proj/Packaged/0324-1715/component.xml' ignored by IP packager.
WARNING: [IP_Flow 19-3898] File Group 'xilinx_anylanguagesynthesis (Synthesis)': File 'e:/ECE532/WorkSpace/IPU_proj/main/IPU_v2.0/IPU_v2.0.srcs/sources_1/ip/blk_mem_gen_0/blk_mem_gen_0.xci' is not found in the project sources. It will be removed from the packaged IP when the sources are merged. If still required, please add this file to the project and re-package.
WARNING: [IP_Flow 19-3898] File Group 'xilinx_anylanguagebehavioralsimulation (Simulation)': File 'e:/ECE532/WorkSpace/IPU_proj/main/IPU_v2.0/IPU_v2.0.srcs/sources_1/ip/blk_mem_gen_0/blk_mem_gen_0.xci' is not found in the project sources. It will be removed from the packaged IP when the sources are merged. If still required, please add this file to the project and re-package.
set_property core_revision 8 [ipx::current_core]
ipx::create_xgui_files [ipx::current_core]
ipx::update_checksums [ipx::current_core]
ipx::save_core [ipx::current_core]
ipx::package_project -root_dir E:/ECE532/WorkSpace/IPU_proj/Packaged/0325-0030 -vendor xilinx.com -library user -taxonomy /UserIP -import_files -set_current false
INFO: [IP_Flow 19-5107] Inferred bus interface 'M00_AXI' of definition 'xilinx.com:interface:aximm:1.0' (from Xilinx Repository).
INFO: [IP_Flow 19-5107] Inferred bus interface 'S00_AXI' of definition 'xilinx.com:interface:aximm:1.0' (from Xilinx Repository).
INFO: [IP_Flow 19-5107] Inferred bus interface 'aresetn' of definition 'xilinx.com:signal:reset:1.0' (from Xilinx Repository).
INFO: [IP_Flow 19-5107] Inferred bus interface 'aclk' of definition 'xilinx.com:signal:clock:1.0' (from Xilinx Repository).
INFO: [IP_Flow 19-4728] Bus Interface 'aresetn': Added interface parameter 'POLARITY' with value 'ACTIVE_LOW'.
INFO: [IP_Flow 19-4728] Bus Interface 'aclk': Added interface parameter 'ASSOCIATED_BUSIF' with value 'M00_AXI'.
INFO: [IP_Flow 19-4728] Bus Interface 'aclk': Added interface parameter 'ASSOCIATED_RESET' with value 'aresetn'.
INFO: [IP_Flow 19-2181] Payment Required is not set for this core.
INFO: [IP_Flow 19-2187] The Product Guide file is missing.
ipx::unload_core e:/ECE532/WorkSpace/IPU_proj/Packaged/0325-0030/component.xml
ipx::edit_ip_in_project -upgrade true -name tmp_edit_project -directory E:/ECE532/WorkSpace/IPU_proj/Packaged/0325-0030 e:/ECE532/WorkSpace/IPU_proj/Packaged/0325-0030/component.xml
INFO: [IP_Flow 19-234] Refreshing IP repositories
INFO: [IP_Flow 19-1704] No user IP repositories specified
INFO: [IP_Flow 19-2313] Loaded Vivado IP repository 'C:/Xilinx/Vivado/2018.1/data/ip'.
INFO: [IP_Flow 19-234] Refreshing IP repositories
INFO: [IP_Flow 19-1700] Loaded user IP repository 'e:/ECE532/WorkSpace/IPU_proj/Packaged/0324-1715'.
INFO: [IP_Flow 19-1700] Loaded user IP repository 'e:/ECE532/WorkSpace/IPU_proj/Packaged/0324-0500'.
INFO: [IP_Flow 19-1700] Loaded user IP repository 'e:/ECE532/WorkSpace/IPU_proj/Packaged/0324-0300'.
INFO: [IP_Flow 19-1700] Loaded user IP repository 'e:/ECE532/WorkSpace/IPU_proj/Packaged/0323-2000'.
INFO: [IP_Flow 19-1700] Loaded user IP repository 'e:/ECE532/WorkSpace/IPU_proj/Packaged/0322-1900'.
INFO: [IP_Flow 19-795] Syncing license key meta-data
INFO: [Device 21-403] Loading part xc7a100tcsg324-1
ipx::edit_ip_in_project: Time (s): cpu = 00:00:18 ; elapsed = 00:00:19 . Memory (MB): peak = 1265.758 ; gain = 264.477
update_compile_order -fileset sources_1
set_property previous_version_for_upgrade xilinx.com:user:IPU:1.0 [ipx::current_core]
set_property core_revision 1 [ipx::current_core]
ipx::create_xgui_files [ipx::current_core]
ipx::update_checksums [ipx::current_core]
ipx::save_core [ipx::current_core]
ipx::move_temp_component_back -component [ipx::current_core]
close_project -delete
set_property  ip_repo_paths  {e:/ECE532/WorkSpace/IPU_proj/Packaged/0325-0030 e:/ECE532/WorkSpace/IPU_proj/Packaged/0324-1715 e:/ECE532/WorkSpace/IPU_proj/Packaged/0324-0500 e:/ECE532/WorkSpace/IPU_proj/Packaged/0324-0300 e:/ECE532/WorkSpace/IPU_proj/Packaged/0323-2000 e:/ECE532/WorkSpace/IPU_proj/Packaged/0322-1900} [current_project]
update_ip_catalog
INFO: [IP_Flow 19-234] Refreshing IP repositories
INFO: [IP_Flow 19-1700] Loaded user IP repository 'e:/ECE532/WorkSpace/IPU_proj/Packaged/0325-0030'.
INFO: [IP_Flow 19-1700] Loaded user IP repository 'e:/ECE532/WorkSpace/IPU_proj/Packaged/0324-1715'.
INFO: [IP_Flow 19-1700] Loaded user IP repository 'e:/ECE532/WorkSpace/IPU_proj/Packaged/0324-0500'.
INFO: [IP_Flow 19-1700] Loaded user IP repository 'e:/ECE532/WorkSpace/IPU_proj/Packaged/0324-0300'.
INFO: [IP_Flow 19-1700] Loaded user IP repository 'e:/ECE532/WorkSpace/IPU_proj/Packaged/0323-2000'.
INFO: [IP_Flow 19-1700] Loaded user IP repository 'e:/ECE532/WorkSpace/IPU_proj/Packaged/0322-1900'.
reset_run synth_1
launch_runs synth_1 -jobs 4
[Mon Mar 25 00:24:35 2019] Launched synth_1...
Run output will be captured here: E:/ECE532/WorkSpace/IPU_proj/main/IPU_v2.0/IPU_v2.0.runs/synth_1/runme.log
ipx::open_ipxact_file e:/ECE532/WorkSpace/IPU_proj/Packaged/0325-0030/component.xml
WARNING: [IP_Flow 19-5226] Project source file 'e:/ECE532/WorkSpace/IPU_proj/Packaged/0325-0030/component.xml' ignored by IP packager.
WARNING: [IP_Flow 19-4308] Project file 'e:/ECE532/WorkSpace/IPU_proj/main/IPU_v2.0/IPU_v2.0.srcs/sources_1/new/axi_m_mem.v' is not found in the component files. It will be added automatically when merging sources and repackaging. Please remove the file from the source project if this is not desired.
WARNING: [IP_Flow 19-4308] Project file 'e:/ECE532/WorkSpace/IPU_proj/main/IPU_v2.0/IPU_v2.0.srcs/sources_1/new/rgb444_diff.v' is not found in the component files. It will be added automatically when merging sources and repackaging. Please remove the file from the source project if this is not desired.
WARNING: [IP_Flow 19-4308] Project file 'e:/ECE532/WorkSpace/IPU_proj/main/IPU_v2.0/IPU_v2.0.srcs/sources_1/new/IPU_top.v' is not found in the component files. It will be added automatically when merging sources and repackaging. Please remove the file from the source project if this is not desired.
WARNING: [IP_Flow 19-4308] Project file 'e:/ECE532/WorkSpace/IPU_proj/main/IPU_v2.0/IPU_v2.0.srcs/sources_1/new/axi_m_mem.v' is not found in the component files. It will be added automatically when merging sources and repackaging. Please remove the file from the source project if this is not desired.
WARNING: [IP_Flow 19-4308] Project file 'e:/ECE532/WorkSpace/IPU_proj/main/IPU_v2.0/IPU_v2.0.srcs/sources_1/new/rgb444_diff.v' is not found in the component files. It will be added automatically when merging sources and repackaging. Please remove the file from the source project if this is not desired.
WARNING: [IP_Flow 19-4308] Project file 'e:/ECE532/WorkSpace/IPU_proj/main/IPU_v2.0/IPU_v2.0.srcs/sources_1/new/IPU_top.v' is not found in the component files. It will be added automatically when merging sources and repackaging. Please remove the file from the source project if this is not desired.
set_property core_revision 2 [ipx::current_core]
ipx::create_xgui_files [ipx::current_core]
ipx::update_checksums [ipx::current_core]
ipx::save_core [ipx::current_core]
exit
INFO: [Common 17-206] Exiting Vivado at Mon Mar 25 00:54:26 2019...
